2013/10/08 09:22:56 [error] [exception.CHttpException.404] exception 'CHttpException' with message 'Unable to resolve the request "mark".' in /var/www/framework/web/CWebApplication.php:286
Stack trace:
#0 /var/www/framework/web/CWebApplication.php(141): CWebApplication->runController('mark')
#1 /var/www/framework/base/CApplication.php(180): CWebApplication->processRequest()
#2 /var/www/glass72/index.php(13): CApplication->run()
#3 {main}
REQUEST_URI=/glass72/index.php?r=mark
---
2013/10/08 14:37:00 [error] [exception.CHttpException.400] exception 'CHttpException' with message 'Некорректный запрос.' in /var/www/framework/web/CController.php:336
Stack trace:
#0 /var/www/framework/web/CController.php(309): CController->invalidActionParams(Object(CInlineAction))
#1 /var/www/framework/web/filters/CFilterChain.php(133): CController->runAction(Object(CInlineAction))
#2 /var/www/framework/web/filters/CFilter.php(40): CFilterChain->run()
#3 /var/www/framework/web/CController.php(1145): CFilter->filter(Object(CFilterChain))
#4 /var/www/framework/web/filters/CInlineFilter.php(58): CController->filterAccessControl(Object(CFilterChain))
#5 /var/www/framework/web/filters/CFilterChain.php(130): CInlineFilter->filter(Object(CFilterChain))
#6 /var/www/framework/web/CController.php(291): CFilterChain->run()
#7 /var/www/framework/web/CController.php(265): CController->runActionWithFilters(Object(CInlineAction), Array)
#8 /var/www/framework/web/CWebApplication.php(282): CController->run('index')
#9 /var/www/framework/web/CWebApplication.php(141): CWebApplication->runController('mark/index')
#10 /var/www/framework/base/CApplication.php(180): CWebApplication->processRequest()
#11 /var/www/glass72/index.php(13): CApplication->run()
#12 {main}
REQUEST_URI=/glass72/index.php?r=mark/index
HTTP_REFERER=http://localhost/glass72/index.php
---
2013/10/08 14:44:58 [error] [exception.CHttpException.400] exception 'CHttpException' with message 'Некорректный запрос.' in /var/www/framework/web/CController.php:336
Stack trace:
#0 /var/www/framework/web/CController.php(309): CController->invalidActionParams(Object(CInlineAction))
#1 /var/www/framework/web/filters/CFilterChain.php(133): CController->runAction(Object(CInlineAction))
#2 /var/www/framework/web/filters/CFilter.php(40): CFilterChain->run()
#3 /var/www/framework/web/CController.php(1145): CFilter->filter(Object(CFilterChain))
#4 /var/www/framework/web/filters/CInlineFilter.php(58): CController->filterAccessControl(Object(CFilterChain))
#5 /var/www/framework/web/filters/CFilterChain.php(130): CInlineFilter->filter(Object(CFilterChain))
#6 /var/www/framework/web/CController.php(291): CFilterChain->run()
#7 /var/www/framework/web/CController.php(265): CController->runActionWithFilters(Object(CInlineAction), Array)
#8 /var/www/framework/web/CWebApplication.php(282): CController->run('index')
#9 /var/www/framework/web/CWebApplication.php(141): CWebApplication->runController('mark/index')
#10 /var/www/framework/base/CApplication.php(180): CWebApplication->processRequest()
#11 /var/www/glass72/index.php(13): CApplication->run()
#12 {main}
REQUEST_URI=/glass72/index.php?r=mark/index
HTTP_REFERER=http://localhost/glass72/index.php
---
2013/10/08 14:52:49 [error] [system.db.CDbCommand] Не удалось выполнить CDbCommand::fetchAll(): SQLSTATE[42S22]: Column not found: 1054 Unknown column 'AUDI' in 'where clause'. Выполнявшийся SQL-запрос: SELECT model.name FROM mark, model WHERE mark.id=model.mark_id AND mark.name=AUDI ORDER BY model.name.
in /var/www/glass72/protected/models/Mark.php (102)
in /var/www/glass72/protected/controllers/MarkController.php (130)
in /var/www/glass72/index.php (13)
2013/10/08 14:52:49 [error] [exception.CDbException] exception 'CDbException' with message 'CDbCommand не удалось исполнить SQL-запрос: SQLSTATE[42S22]: Column not found: 1054 Unknown column 'AUDI' in 'where clause'. The SQL statement executed was: SELECT model.name FROM mark, model WHERE mark.id=model.mark_id AND mark.name=AUDI ORDER BY model.name' in /var/www/framework/db/CDbCommand.php:543
Stack trace:
#0 /var/www/framework/db/CDbCommand.php(396): CDbCommand->queryInternal('fetchAll', Array, Array)
#1 /var/www/glass72/protected/models/Mark.php(102): CDbCommand->queryAll()
#2 /var/www/glass72/protected/controllers/MarkController.php(130): Mark->getModels('AUDI')
#3 [internal function]: MarkController->actionIndex('AUDI')
#4 /var/www/framework/web/actions/CAction.php(108): ReflectionMethod->invokeArgs(Object(MarkController), Array)
#5 /var/www/framework/web/actions/CInlineAction.php(47): CAction->runWithParamsInternal(Object(MarkController), Object(ReflectionMethod), Array)
#6 /var/www/framework/web/CController.php(308): CInlineAction->runWithParams(Array)
#7 /var/www/framework/web/filters/CFilterChain.php(133): CController->runAction(Object(CInlineAction))
#8 /var/www/framework/web/filters/CFilter.php(40): CFilterChain->run()
#9 /var/www/framework/web/CController.php(1145): CFilter->filter(Object(CFilterChain))
#10 /var/www/framework/web/filters/CInlineFilter.php(58): CController->filterAccessControl(Object(CFilterChain))
#11 /var/www/framework/web/filters/CFilterChain.php(130): CInlineFilter->filter(Object(CFilterChain))
#12 /var/www/framework/web/CController.php(291): CFilterChain->run()
#13 /var/www/framework/web/CController.php(265): CController->runActionWithFilters(Object(CInlineAction), Array)
#14 /var/www/framework/web/CWebApplication.php(282): CController->run('index')
#15 /var/www/framework/web/CWebApplication.php(141): CWebApplication->runController('mark/index')
#16 /var/www/framework/base/CApplication.php(180): CWebApplication->processRequest()
#17 /var/www/glass72/index.php(13): CApplication->run()
#18 {main}
REQUEST_URI=/glass72/index.php?r=mark/index&mark=AUDI
---
2013/10/09 09:45:28 [error] [php] Undefined variable: mark (/var/www/glass72/protected/views/mark/index.php:38)
Stack trace:
#0 /var/www/framework/web/CController.php(869): MarkController->renderFile()
#1 /var/www/glass72/protected/controllers/MarkController.php(57): MarkController->renderPartial()
#2 unknown(0): MarkController->actionView()
#3 /var/www/framework/web/actions/CAction.php(108): ReflectionMethod->invokeArgs()
#4 /var/www/framework/web/actions/CInlineAction.php(47): CInlineAction->runWithParamsInternal()
#5 /var/www/framework/web/CController.php(308): CInlineAction->runWithParams()
#6 /var/www/framework/web/filters/CFilterChain.php(133): MarkController->runAction()
#7 /var/www/framework/web/filters/CFilter.php(40): CFilterChain->run()
#8 /var/www/framework/web/CController.php(1145): CAccessControlFilter->filter()
#9 /var/www/framework/web/filters/CInlineFilter.php(58): MarkController->filterAccessControl()
#10 /var/www/framework/web/filters/CFilterChain.php(130): CInlineFilter->filter()
#11 /var/www/framework/web/CController.php(291): CFilterChain->run()
#12 /var/www/framework/web/CController.php(265): MarkController->runActionWithFilters()
#13 /var/www/framework/web/CWebApplication.php(282): MarkController->run()
#14 /var/www/framework/web/CWebApplication.php(141): CWebApplication->runController()
#15 /var/www/framework/base/CApplication.php(180): CWebApplication->processRequest()
#16 /var/www/glass72/index.php(13): CWebApplication->run()
REQUEST_URI=/glass72/index.php?r=mark/view&mark=NISSAN&model=ALMERA
in /var/www/glass72/protected/views/mark/index.php (38)
in /var/www/glass72/protected/controllers/MarkController.php (57)
in /var/www/glass72/index.php (13)
2013/10/09 09:47:18 [error] [php] Undefined variable: mark (/var/www/glass72/protected/views/mark/index.php:38)
Stack trace:
#0 /var/www/framework/web/CController.php(869): MarkController->renderFile()
#1 /var/www/glass72/protected/controllers/MarkController.php(57): MarkController->renderPartial()
#2 unknown(0): MarkController->actionView()
#3 /var/www/framework/web/actions/CAction.php(108): ReflectionMethod->invokeArgs()
#4 /var/www/framework/web/actions/CInlineAction.php(47): CInlineAction->runWithParamsInternal()
#5 /var/www/framework/web/CController.php(308): CInlineAction->runWithParams()
#6 /var/www/framework/web/filters/CFilterChain.php(133): MarkController->runAction()
#7 /var/www/framework/web/filters/CFilter.php(40): CFilterChain->run()
#8 /var/www/framework/web/CController.php(1145): CAccessControlFilter->filter()
#9 /var/www/framework/web/filters/CInlineFilter.php(58): MarkController->filterAccessControl()
#10 /var/www/framework/web/filters/CFilterChain.php(130): CInlineFilter->filter()
#11 /var/www/framework/web/CController.php(291): CFilterChain->run()
#12 /var/www/framework/web/CController.php(265): MarkController->runActionWithFilters()
#13 /var/www/framework/web/CWebApplication.php(282): MarkController->run()
#14 /var/www/framework/web/CWebApplication.php(141): CWebApplication->runController()
#15 /var/www/framework/base/CApplication.php(180): CWebApplication->processRequest()
#16 /var/www/glass72/index.php(13): CWebApplication->run()
REQUEST_URI=/glass72/index.php?r=mark/view&mark=NISSAN&model=ALMERA
in /var/www/glass72/protected/views/mark/index.php (38)
in /var/www/glass72/protected/controllers/MarkController.php (57)
in /var/www/glass72/index.php (13)
2013/10/09 09:53:13 [error] [php] Undefined variable: mark (/var/www/glass72/protected/views/mark/index.php:38)
Stack trace:
#0 /var/www/framework/web/CController.php(869): MarkController->renderFile()
#1 /var/www/glass72/protected/controllers/MarkController.php(57): MarkController->renderPartial()
#2 unknown(0): MarkController->actionView()
#3 /var/www/framework/web/actions/CAction.php(108): ReflectionMethod->invokeArgs()
#4 /var/www/framework/web/actions/CInlineAction.php(47): CInlineAction->runWithParamsInternal()
#5 /var/www/framework/web/CController.php(308): CInlineAction->runWithParams()
#6 /var/www/framework/web/filters/CFilterChain.php(133): MarkController->runAction()
#7 /var/www/framework/web/filters/CFilter.php(40): CFilterChain->run()
#8 /var/www/framework/web/CController.php(1145): CAccessControlFilter->filter()
#9 /var/www/framework/web/filters/CInlineFilter.php(58): MarkController->filterAccessControl()
#10 /var/www/framework/web/filters/CFilterChain.php(130): CInlineFilter->filter()
#11 /var/www/framework/web/CController.php(291): CFilterChain->run()
#12 /var/www/framework/web/CController.php(265): MarkController->runActionWithFilters()
#13 /var/www/framework/web/CWebApplication.php(282): MarkController->run()
#14 /var/www/framework/web/CWebApplication.php(141): CWebApplication->runController()
#15 /var/www/framework/base/CApplication.php(180): CWebApplication->processRequest()
#16 /var/www/glass72/index.php(13): CWebApplication->run()
REQUEST_URI=/glass72/index.php?r=mark/view&mark=NISSAN&model=ALMERA
in /var/www/glass72/protected/views/mark/index.php (38)
in /var/www/glass72/protected/controllers/MarkController.php (57)
in /var/www/glass72/index.php (13)
2013/10/09 09:54:03 [error] [php] Undefined variable: model (/var/www/glass72/protected/views/mark/view.php:6)
Stack trace:
#0 /var/www/framework/web/CController.php(869): MarkController->renderFile()
#1 /var/www/glass72/protected/controllers/MarkController.php(57): MarkController->renderPartial()
#2 unknown(0): MarkController->actionView()
#3 /var/www/framework/web/actions/CAction.php(108): ReflectionMethod->invokeArgs()
#4 /var/www/framework/web/actions/CInlineAction.php(47): CInlineAction->runWithParamsInternal()
#5 /var/www/framework/web/CController.php(308): CInlineAction->runWithParams()
#6 /var/www/framework/web/filters/CFilterChain.php(133): MarkController->runAction()
#7 /var/www/framework/web/filters/CFilter.php(40): CFilterChain->run()
#8 /var/www/framework/web/CController.php(1145): CAccessControlFilter->filter()
#9 /var/www/framework/web/filters/CInlineFilter.php(58): MarkController->filterAccessControl()
#10 /var/www/framework/web/filters/CFilterChain.php(130): CInlineFilter->filter()
#11 /var/www/framework/web/CController.php(291): CFilterChain->run()
#12 /var/www/framework/web/CController.php(265): MarkController->runActionWithFilters()
#13 /var/www/framework/web/CWebApplication.php(282): MarkController->run()
#14 /var/www/framework/web/CWebApplication.php(141): CWebApplication->runController()
#15 /var/www/framework/base/CApplication.php(180): CWebApplication->processRequest()
#16 /var/www/glass72/index.php(13): CWebApplication->run()
REQUEST_URI=/glass72/index.php?r=mark/view&mark=NISSAN&model=ALMERA
in /var/www/glass72/protected/views/mark/view.php (6)
in /var/www/glass72/protected/controllers/MarkController.php (57)
in /var/www/glass72/index.php (13)
2013/10/09 11:26:37 [error] [exception.CHttpException.404] exception 'CHttpException' with message 'Системе не удалось найти запрашиваемое действие "index".' in /var/www/framework/web/CController.php:483
Stack trace:
#0 /var/www/framework/web/CController.php(270): CController->missingAction('index')
#1 /var/www/framework/web/CWebApplication.php(282): CController->run('index')
#2 /var/www/framework/web/CWebApplication.php(141): CWebApplication->runController('mark/index')
#3 /var/www/framework/base/CApplication.php(180): CWebApplication->processRequest()
#4 /var/www/glass72/index.php(13): CApplication->run()
#5 {main}
REQUEST_URI=/glass72/index.php?r=mark/index&mark=NISSAN
HTTP_REFERER=http://localhost/glass72/index.php
---
2013/10/09 11:27:30 [error] [exception.CHttpException.403] exception 'CHttpException' with message 'Необходима авторизация' in /var/www/framework/web/auth/CWebUser.php:394
Stack trace:
#0 /var/www/framework/web/auth/CAccessControlFilter.php(180): CWebUser->loginRequired()
#1 /var/www/framework/web/auth/CAccessControlFilter.php(145): CAccessControlFilter->accessDenied(Object(CWebUser), '?? ?????? ?????...')
#2 /var/www/framework/web/filters/CFilter.php(38): CAccessControlFilter->preFilter(Object(CFilterChain))
#3 /var/www/framework/web/CController.php(1145): CFilter->filter(Object(CFilterChain))
#4 /var/www/framework/web/filters/CInlineFilter.php(58): CController->filterAccessControl(Object(CFilterChain))
#5 /var/www/framework/web/filters/CFilterChain.php(130): CInlineFilter->filter(Object(CFilterChain))
#6 /var/www/framework/web/CController.php(291): CFilterChain->run()
#7 /var/www/framework/web/CController.php(265): CController->runActionWithFilters(Object(CInlineAction), Array)
#8 /var/www/framework/web/CWebApplication.php(282): CController->run('models')
#9 /var/www/framework/web/CWebApplication.php(141): CWebApplication->runController('mark/models')
#10 /var/www/framework/base/CApplication.php(180): CWebApplication->processRequest()
#11 /var/www/glass72/index.php(13): CApplication->run()
#12 {main}
REQUEST_URI=/glass72/index.php?r=mark/models&mark=NISSAN
HTTP_REFERER=http://localhost/glass72/index.php
---
2013/10/09 11:44:55 [error] [exception.CHttpException.400] exception 'CHttpException' with message 'Некорректный запрос.' in /var/www/framework/web/CController.php:336
Stack trace:
#0 /var/www/framework/web/CController.php(309): CController->invalidActionParams(Object(CInlineAction))
#1 /var/www/framework/web/filters/CFilterChain.php(133): CController->runAction(Object(CInlineAction))
#2 /var/www/framework/web/filters/CFilter.php(40): CFilterChain->run()
#3 /var/www/framework/web/CController.php(1145): CFilter->filter(Object(CFilterChain))
#4 /var/www/framework/web/filters/CInlineFilter.php(58): CController->filterAccessControl(Object(CFilterChain))
#5 /var/www/framework/web/filters/CFilterChain.php(130): CInlineFilter->filter(Object(CFilterChain))
#6 /var/www/framework/web/CController.php(291): CFilterChain->run()
#7 /var/www/framework/web/CController.php(265): CController->runActionWithFilters(Object(CInlineAction), Array)
#8 /var/www/framework/web/CWebApplication.php(282): CController->run('products')
#9 /var/www/framework/web/CWebApplication.php(141): CWebApplication->runController('mark/products')
#10 /var/www/framework/base/CApplication.php(180): CWebApplication->processRequest()
#11 /var/www/glass72/index.php(13): CApplication->run()
#12 {main}
REQUEST_URI=/glass72/index.php?r=mark/products&mark=BMW&model=5%20SERIES$modification=(E39)%201995-2003
HTTP_REFERER=http://localhost/glass72/index.php
---
2013/10/15 16:30:25 [error] [php] Undefined offset: 0 (/var/www/glass72/protected/views/mark/models.php:5)
Stack trace:
#0 /var/www/framework/web/CController.php(869): MarkController->renderFile()
#1 /var/www/glass72/protected/controllers/MarkController.php(58): MarkController->renderPartial()
#2 unknown(0): MarkController->actionModels()
#3 /var/www/framework/web/actions/CAction.php(108): ReflectionMethod->invokeArgs()
#4 /var/www/framework/web/actions/CInlineAction.php(47): CInlineAction->runWithParamsInternal()
#5 /var/www/framework/web/CController.php(308): CInlineAction->runWithParams()
#6 /var/www/framework/web/filters/CFilterChain.php(133): MarkController->runAction()
#7 /var/www/framework/web/filters/CFilter.php(40): CFilterChain->run()
#8 /var/www/framework/web/CController.php(1145): CAccessControlFilter->filter()
#9 /var/www/framework/web/filters/CInlineFilter.php(58): MarkController->filterAccessControl()
#10 /var/www/framework/web/filters/CFilterChain.php(130): CInlineFilter->filter()
#11 /var/www/framework/web/CController.php(291): CFilterChain->run()
#12 /var/www/framework/web/CController.php(265): MarkController->runActionWithFilters()
#13 /var/www/framework/web/CWebApplication.php(282): MarkController->run()
#14 /var/www/framework/web/CWebApplication.php(141): CWebApplication->runController()
#15 /var/www/framework/base/CApplication.php(180): CWebApplication->processRequest()
#16 /var/www/glass72/index.php(13): CWebApplication->run()
REQUEST_URI=/glass72/index.php?r=mark/models&mark=SSANG%20YOUNG&_=1381833025451
in /var/www/glass72/protected/views/mark/models.php (5)
in /var/www/glass72/protected/controllers/MarkController.php (58)
in /var/www/glass72/index.php (13)
2013/10/15 16:30:28 [error] [php] Undefined offset: 0 (/var/www/glass72/protected/views/mark/models.php:5)
Stack trace:
#0 /var/www/framework/web/CController.php(869): MarkController->renderFile()
#1 /var/www/glass72/protected/controllers/MarkController.php(58): MarkController->renderPartial()
#2 unknown(0): MarkController->actionModels()
#3 /var/www/framework/web/actions/CAction.php(108): ReflectionMethod->invokeArgs()
#4 /var/www/framework/web/actions/CInlineAction.php(47): CInlineAction->runWithParamsInternal()
#5 /var/www/framework/web/CController.php(308): CInlineAction->runWithParams()
#6 /var/www/framework/web/filters/CFilterChain.php(133): MarkController->runAction()
#7 /var/www/framework/web/filters/CFilter.php(40): CFilterChain->run()
#8 /var/www/framework/web/CController.php(1145): CAccessControlFilter->filter()
#9 /var/www/framework/web/filters/CInlineFilter.php(58): MarkController->filterAccessControl()
#10 /var/www/framework/web/filters/CFilterChain.php(130): CInlineFilter->filter()
#11 /var/www/framework/web/CController.php(291): CFilterChain->run()
#12 /var/www/framework/web/CController.php(265): MarkController->runActionWithFilters()
#13 /var/www/framework/web/CWebApplication.php(282): MarkController->run()
#14 /var/www/framework/web/CWebApplication.php(141): CWebApplication->runController()
#15 /var/www/framework/base/CApplication.php(180): CWebApplication->processRequest()
#16 /var/www/glass72/index.php(13): CWebApplication->run()
REQUEST_URI=/glass72/index.php?r=mark/models&mark=SSANG%20YOUNG&_=1381833028162
in /var/www/glass72/protected/views/mark/models.php (5)
in /var/www/glass72/protected/controllers/MarkController.php (58)
in /var/www/glass72/index.php (13)
2013/10/15 16:30:35 [error] [php] Undefined offset: 0 (/var/www/glass72/protected/views/mark/models.php:5)
Stack trace:
#0 /var/www/framework/web/CController.php(869): MarkController->renderFile()
#1 /var/www/glass72/protected/controllers/MarkController.php(58): MarkController->renderPartial()
#2 unknown(0): MarkController->actionModels()
#3 /var/www/framework/web/actions/CAction.php(108): ReflectionMethod->invokeArgs()
#4 /var/www/framework/web/actions/CInlineAction.php(47): CInlineAction->runWithParamsInternal()
#5 /var/www/framework/web/CController.php(308): CInlineAction->runWithParams()
#6 /var/www/framework/web/filters/CFilterChain.php(133): MarkController->runAction()
#7 /var/www/framework/web/filters/CFilter.php(40): CFilterChain->run()
#8 /var/www/framework/web/CController.php(1145): CAccessControlFilter->filter()
#9 /var/www/framework/web/filters/CInlineFilter.php(58): MarkController->filterAccessControl()
#10 /var/www/framework/web/filters/CFilterChain.php(130): CInlineFilter->filter()
#11 /var/www/framework/web/CController.php(291): CFilterChain->run()
#12 /var/www/framework/web/CController.php(265): MarkController->runActionWithFilters()
#13 /var/www/framework/web/CWebApplication.php(282): MarkController->run()
#14 /var/www/framework/web/CWebApplication.php(141): CWebApplication->runController()
#15 /var/www/framework/base/CApplication.php(180): CWebApplication->processRequest()
#16 /var/www/glass72/index.php(13): CWebApplication->run()
REQUEST_URI=/glass72/index.php?r=mark/models&mark=SSANG%20YOUNG&_=1381833035288
in /var/www/glass72/protected/views/mark/models.php (5)
in /var/www/glass72/protected/controllers/MarkController.php (58)
in /var/www/glass72/index.php (13)
2013/10/15 16:30:52 [error] [php] Undefined offset: 0 (/var/www/glass72/protected/views/mark/models.php:5)
Stack trace:
#0 /var/www/framework/web/CController.php(869): MarkController->renderFile()
#1 /var/www/glass72/protected/controllers/MarkController.php(58): MarkController->renderPartial()
#2 unknown(0): MarkController->actionModels()
#3 /var/www/framework/web/actions/CAction.php(108): ReflectionMethod->invokeArgs()
#4 /var/www/framework/web/actions/CInlineAction.php(47): CInlineAction->runWithParamsInternal()
#5 /var/www/framework/web/CController.php(308): CInlineAction->runWithParams()
#6 /var/www/framework/web/filters/CFilterChain.php(133): MarkController->runAction()
#7 /var/www/framework/web/filters/CFilter.php(40): CFilterChain->run()
#8 /var/www/framework/web/CController.php(1145): CAccessControlFilter->filter()
#9 /var/www/framework/web/filters/CInlineFilter.php(58): MarkController->filterAccessControl()
#10 /var/www/framework/web/filters/CFilterChain.php(130): CInlineFilter->filter()
#11 /var/www/framework/web/CController.php(291): CFilterChain->run()
#12 /var/www/framework/web/CController.php(265): MarkController->runActionWithFilters()
#13 /var/www/framework/web/CWebApplication.php(282): MarkController->run()
#14 /var/www/framework/web/CWebApplication.php(141): CWebApplication->runController()
#15 /var/www/framework/base/CApplication.php(180): CWebApplication->processRequest()
#16 /var/www/glass72/index.php(13): CWebApplication->run()
REQUEST_URI=/glass72/index.php?r=mark/models&mark=SSANG%20YOUNG&_=1381833052318
in /var/www/glass72/protected/views/mark/models.php (5)
in /var/www/glass72/protected/controllers/MarkController.php (58)
in /var/www/glass72/index.php (13)
2013/10/15 16:46:14 [error] [php] Undefined offset: 0 (/var/www/glass72/protected/views/mark/models.php:5)
Stack trace:
#0 /var/www/framework/web/CController.php(869): MarkController->renderFile()
#1 /var/www/glass72/protected/controllers/MarkController.php(58): MarkController->renderPartial()
#2 unknown(0): MarkController->actionModels()
#3 /var/www/framework/web/actions/CAction.php(108): ReflectionMethod->invokeArgs()
#4 /var/www/framework/web/actions/CInlineAction.php(47): CInlineAction->runWithParamsInternal()
#5 /var/www/framework/web/CController.php(308): CInlineAction->runWithParams()
#6 /var/www/framework/web/filters/CFilterChain.php(133): MarkController->runAction()
#7 /var/www/framework/web/filters/CFilter.php(40): CFilterChain->run()
#8 /var/www/framework/web/CController.php(1145): CAccessControlFilter->filter()
#9 /var/www/framework/web/filters/CInlineFilter.php(58): MarkController->filterAccessControl()
#10 /var/www/framework/web/filters/CFilterChain.php(130): CInlineFilter->filter()
#11 /var/www/framework/web/CController.php(291): CFilterChain->run()
#12 /var/www/framework/web/CController.php(265): MarkController->runActionWithFilters()
#13 /var/www/framework/web/CWebApplication.php(282): MarkController->run()
#14 /var/www/framework/web/CWebApplication.php(141): CWebApplication->runController()
#15 /var/www/framework/base/CApplication.php(180): CWebApplication->processRequest()
#16 /var/www/glass72/index.php(13): CWebApplication->run()
REQUEST_URI=/glass72/index.php?r=mark/models&mark=SSANGYONG&_=1381833974881
in /var/www/glass72/protected/views/mark/models.php (5)
in /var/www/glass72/protected/controllers/MarkController.php (58)
in /var/www/glass72/index.php (13)
2013/10/15 17:18:24 [error] [php] Undefined offset: 0 (/var/www/glass72/protected/views/mark/models.php:5)
Stack trace:
#0 /var/www/framework/web/CController.php(869): MarkController->renderFile()
#1 /var/www/glass72/protected/controllers/MarkController.php(58): MarkController->renderPartial()
#2 unknown(0): MarkController->actionModels()
#3 /var/www/framework/web/actions/CAction.php(108): ReflectionMethod->invokeArgs()
#4 /var/www/framework/web/actions/CInlineAction.php(47): CInlineAction->runWithParamsInternal()
#5 /var/www/framework/web/CController.php(308): CInlineAction->runWithParams()
#6 /var/www/framework/web/filters/CFilterChain.php(133): MarkController->runAction()
#7 /var/www/framework/web/filters/CFilter.php(40): CFilterChain->run()
#8 /var/www/framework/web/CController.php(1145): CAccessControlFilter->filter()
#9 /var/www/framework/web/filters/CInlineFilter.php(58): MarkController->filterAccessControl()
#10 /var/www/framework/web/filters/CFilterChain.php(130): CInlineFilter->filter()
#11 /var/www/framework/web/CController.php(291): CFilterChain->run()
#12 /var/www/framework/web/CController.php(265): MarkController->runActionWithFilters()
#13 /var/www/framework/web/CWebApplication.php(282): MarkController->run()
#14 /var/www/framework/web/CWebApplication.php(141): CWebApplication->runController()
#15 /var/www/framework/base/CApplication.php(180): CWebApplication->processRequest()
#16 /var/www/glass72/index.php(13): CWebApplication->run()
REQUEST_URI=/glass72/index.php?r=mark/models&mark=CAMC&_=1381835904804
in /var/www/glass72/protected/views/mark/models.php (5)
in /var/www/glass72/protected/controllers/MarkController.php (58)
in /var/www/glass72/index.php (13)
2013/10/17 08:08:59 [error] [exception.CDbException] exception 'CDbException' with message 'CDbConnection failed to open the DB connection: SQLSTATE[28000] [1045] Access denied for user 'root'@'localhost' (using password: YES)' in Z:\home\glass72\www\framework\db\CDbConnection.php:382
Stack trace:
#0 Z:\home\glass72\www\framework\db\CDbConnection.php(330): CDbConnection->open()
#1 Z:\home\glass72\www\framework\db\CDbConnection.php(308): CDbConnection->setActive(true)
#2 Z:\home\glass72\www\framework\base\CModule.php(387): CDbConnection->init()
#3 Z:\home\glass72\www\framework\base\CModule.php(103): CModule->getComponent('db')
#4 Z:\home\glass72\www\glass\protected\models\Mark.php(97): CModule->__get('db')
#5 Z:\home\glass72\www\glass\protected\controllers\SiteController.php(36): Mark->getAllMarks()
#6 Z:\home\glass72\www\framework\web\actions\CInlineAction.php(49): SiteController->actionIndex()
#7 Z:\home\glass72\www\framework\web\CController.php(308): CInlineAction->runWithParams(Array)
#8 Z:\home\glass72\www\framework\web\CController.php(286): CController->runAction(Object(CInlineAction))
#9 Z:\home\glass72\www\framework\web\CController.php(265): CController->runActionWithFilters(Object(CInlineAction), Array)
#10 Z:\home\glass72\www\framework\web\CWebApplication.php(282): CController->run('')
#11 Z:\home\glass72\www\framework\web\CWebApplication.php(141): CWebApplication->runController('')
#12 Z:\home\glass72\www\framework\base\CApplication.php(180): CWebApplication->processRequest()
#13 Z:\home\glass72\www\glass\index.php(13): CApplication->run()
#14 {main}
REQUEST_URI=/glass/index.php
---
2013/10/21 05:40:22 [error] [php] Object of class TbButtonGroup could not be converted to string (Z:\home\glass72\www\glass\protected\views\mark\products.php:13)
Stack trace:
#0 Z:\home\glass72\www\framework\web\CController.php(869): MarkController->renderFile()
#1 Z:\home\glass72\www\glass\protected\controllers\MarkController.php(92): MarkController->renderPartial()
#2 unknown(0): MarkController->actionProducts()
#3 Z:\home\glass72\www\framework\web\actions\CAction.php(108): ReflectionMethod->invokeArgs()
#4 Z:\home\glass72\www\framework\web\actions\CInlineAction.php(47): CInlineAction->runWithParamsInternal()
#5 Z:\home\glass72\www\framework\web\CController.php(308): CInlineAction->runWithParams()
#6 Z:\home\glass72\www\framework\web\filters\CFilterChain.php(133): MarkController->runAction()
#7 Z:\home\glass72\www\framework\web\filters\CFilter.php(40): CFilterChain->run()
#8 Z:\home\glass72\www\framework\web\CController.php(1145): CAccessControlFilter->filter()
#9 Z:\home\glass72\www\framework\web\filters\CInlineFilter.php(58): MarkController->filterAccessControl()
#10 Z:\home\glass72\www\framework\web\filters\CFilterChain.php(130): CInlineFilter->filter()
#11 Z:\home\glass72\www\framework\web\CController.php(291): CFilterChain->run()
#12 Z:\home\glass72\www\framework\web\CController.php(265): MarkController->runActionWithFilters()
#13 Z:\home\glass72\www\framework\web\CWebApplication.php(282): MarkController->run()
#14 Z:\home\glass72\www\framework\web\CWebApplication.php(141): CWebApplication->runController()
#15 Z:\home\glass72\www\framework\base\CApplication.php(180): CWebApplication->processRequest()
#16 Z:\home\glass72\www\glass\index.php(13): CWebApplication->run()
REQUEST_URI=/glass/index.php?r=mark/products&mark=AUDI&model=100%20III%20/%20200%20(44)&modification=4D%20Sed%201986-1990&_=1382334022753
in Z:\home\glass72\www\glass\protected\views\mark\products.php (13)
in Z:\home\glass72\www\glass\protected\controllers\MarkController.php (92)
in Z:\home\glass72\www\glass\index.php (13)
2013/10/21 05:40:30 [error] [php] Object of class TbButtonGroup could not be converted to string (Z:\home\glass72\www\glass\protected\views\mark\products.php:13)
Stack trace:
#0 Z:\home\glass72\www\framework\web\CController.php(869): MarkController->renderFile()
#1 Z:\home\glass72\www\glass\protected\controllers\MarkController.php(92): MarkController->renderPartial()
#2 unknown(0): MarkController->actionProducts()
#3 Z:\home\glass72\www\framework\web\actions\CAction.php(108): ReflectionMethod->invokeArgs()
#4 Z:\home\glass72\www\framework\web\actions\CInlineAction.php(47): CInlineAction->runWithParamsInternal()
#5 Z:\home\glass72\www\framework\web\CController.php(308): CInlineAction->runWithParams()
#6 Z:\home\glass72\www\framework\web\filters\CFilterChain.php(133): MarkController->runAction()
#7 Z:\home\glass72\www\framework\web\filters\CFilter.php(40): CFilterChain->run()
#8 Z:\home\glass72\www\framework\web\CController.php(1145): CAccessControlFilter->filter()
#9 Z:\home\glass72\www\framework\web\filters\CInlineFilter.php(58): MarkController->filterAccessControl()
#10 Z:\home\glass72\www\framework\web\filters\CFilterChain.php(130): CInlineFilter->filter()
#11 Z:\home\glass72\www\framework\web\CController.php(291): CFilterChain->run()
#12 Z:\home\glass72\www\framework\web\CController.php(265): MarkController->runActionWithFilters()
#13 Z:\home\glass72\www\framework\web\CWebApplication.php(282): MarkController->run()
#14 Z:\home\glass72\www\framework\web\CWebApplication.php(141): CWebApplication->runController()
#15 Z:\home\glass72\www\framework\base\CApplication.php(180): CWebApplication->processRequest()
#16 Z:\home\glass72\www\glass\index.php(13): CWebApplication->run()
REQUEST_URI=/glass/index.php?r=mark/products&mark=AUDI&model=80&modification=4D%20Sed%20/%205D%20Avant%201986-1996&_=1382334030546
in Z:\home\glass72\www\glass\protected\views\mark\products.php (13)
in Z:\home\glass72\www\glass\protected\controllers\MarkController.php (92)
in Z:\home\glass72\www\glass\index.php (13)
2013/10/22 04:11:18 [error] [exception.CHttpException.403] exception 'CHttpException' with message 'Необходима авторизация' in Z:\home\glass72\www\framework\web\auth\CWebUser.php:394
Stack trace:
#0 Z:\home\glass72\www\framework\web\auth\CAccessControlFilter.php(180): CWebUser->loginRequired()
#1 Z:\home\glass72\www\framework\web\auth\CAccessControlFilter.php(145): CAccessControlFilter->accessDenied(Object(CWebUser), '?? ?????? ?????...')
#2 Z:\home\glass72\www\framework\web\filters\CFilter.php(38): CAccessControlFilter->preFilter(Object(CFilterChain))
#3 Z:\home\glass72\www\framework\web\CController.php(1145): CFilter->filter(Object(CFilterChain))
#4 Z:\home\glass72\www\framework\web\filters\CInlineFilter.php(58): CController->filterAccessControl(Object(CFilterChain))
#5 Z:\home\glass72\www\framework\web\filters\CFilterChain.php(130): CInlineFilter->filter(Object(CFilterChain))
#6 Z:\home\glass72\www\framework\web\CController.php(291): CFilterChain->run()
#7 Z:\home\glass72\www\framework\web\CController.php(265): CController->runActionWithFilters(Object(CInlineAction), Array)
#8 Z:\home\glass72\www\framework\web\CWebApplication.php(282): CController->run('create')
#9 Z:\home\glass72\www\framework\web\CWebApplication.php(141): CWebApplication->runController('qa/create')
#10 Z:\home\glass72\www\framework\base\CApplication.php(180): CWebApplication->processRequest()
#11 Z:\home\glass72\www\glass\index.php(13): CApplication->run()
#12 {main}
REQUEST_URI=/glass/index.php?r=qa/create
HTTP_REFERER=http://glass72/glass/index.php
---
2013/10/22 04:51:43 [error] [exception.CException] exception 'CException' with message 'В классе CDbCommand и его поведениях не найден метод или замыкание с именем "exec".' in Z:\home\glass72\www\framework\base\CComponent.php:266
Stack trace:
#0 Z:\home\glass72\www\glass\protected\models\Qa.php(103): CComponent->__call('exec', Array)
#1 Z:\home\glass72\www\glass\protected\models\Qa.php(103): CDbCommand->exec()
#2 Z:\home\glass72\www\glass\protected\controllers\QaController.php(68): Qa->addRecord('??????????????', '???????? ??????...')
#3 Z:\home\glass72\www\framework\web\actions\CInlineAction.php(49): QaController->actionCreate()
#4 Z:\home\glass72\www\framework\web\CController.php(308): CInlineAction->runWithParams(Array)
#5 Z:\home\glass72\www\framework\web\filters\CFilterChain.php(133): CController->runAction(Object(CInlineAction))
#6 Z:\home\glass72\www\framework\web\filters\CFilter.php(40): CFilterChain->run()
#7 Z:\home\glass72\www\framework\web\CController.php(1145): CFilter->filter(Object(CFilterChain))
#8 Z:\home\glass72\www\framework\web\filters\CInlineFilter.php(58): CController->filterAccessControl(Object(CFilterChain))
#9 Z:\home\glass72\www\framework\web\filters\CFilterChain.php(130): CInlineFilter->filter(Object(CFilterChain))
#10 Z:\home\glass72\www\framework\web\CController.php(291): CFilterChain->run()
#11 Z:\home\glass72\www\framework\web\CController.php(265): CController->runActionWithFilters(Object(CInlineAction), Array)
#12 Z:\home\glass72\www\framework\web\CWebApplication.php(282): CController->run('create')
#13 Z:\home\glass72\www\framework\web\CWebApplication.php(141): CWebApplication->runController('qa/create')
#14 Z:\home\glass72\www\framework\base\CApplication.php(180): CWebApplication->processRequest()
#15 Z:\home\glass72\www\glass\index.php(13): CApplication->run()
#16 {main}
REQUEST_URI=/glass/index.php?r=qa/create
HTTP_REFERER=http://glass72/glass/index.php
---
2013/10/22 04:59:02 [error] [exception.CException] exception 'CException' with message 'Не определено свойство "TbButton.enableClientValidation".' in Z:\home\glass72\www\framework\base\CComponent.php:173
Stack trace:
#0 Z:\home\glass72\www\framework\web\CWidgetFactory.php(161): CComponent->__set('enableClientVal...', true)
#1 Z:\home\glass72\www\framework\web\CBaseController.php(146): CWidgetFactory->createWidget(Object(SiteController), 'bootstrap.widge...', Array)
#2 Z:\home\glass72\www\framework\web\CBaseController.php(172): CBaseController->createWidget('bootstrap.widge...', Array)
#3 Z:\home\glass72\www\glass\themes\bootstrap\views\layouts\column2.php(45): CBaseController->widget('bootstrap.widge...', Array)
#4 Z:\home\glass72\www\framework\web\CBaseController.php(126): require('Z:\home\glass72...')
#5 Z:\home\glass72\www\framework\web\CBaseController.php(95): CBaseController->renderInternal('Z:\home\glass72...', Array, true)
#6 Z:\home\glass72\www\framework\web\CController.php(784): CBaseController->renderFile('Z:\home\glass72...', Array, true)
#7 Z:\home\glass72\www\glass\protected\controllers\SiteController.php(103): CController->render('login', Array)
#8 Z:\home\glass72\www\framework\web\actions\CInlineAction.php(49): SiteController->actionLogin()
#9 Z:\home\glass72\www\framework\web\CController.php(308): CInlineAction->runWithParams(Array)
#10 Z:\home\glass72\www\framework\web\CController.php(286): CController->runAction(Object(CInlineAction))
#11 Z:\home\glass72\www\framework\web\CController.php(265): CController->runActionWithFilters(Object(CInlineAction), Array)
#12 Z:\home\glass72\www\framework\web\CWebApplication.php(282): CController->run('login')
#13 Z:\home\glass72\www\framework\web\CWebApplication.php(141): CWebApplication->runController('site/login')
#14 Z:\home\glass72\www\framework\base\CApplication.php(180): CWebApplication->processRequest()
#15 Z:\home\glass72\www\glass\index.php(13): CApplication->run()
#16 {main}
REQUEST_URI=/glass/index.php?r=site/login
---
2013/10/23 07:32:15 [error] [exception.CHttpException.400] exception 'CHttpException' with message 'Некорректный запрос.' in Z:\home\glass72\www\framework\web\CController.php:336
Stack trace:
#0 Z:\home\glass72\www\framework\web\CController.php(309): CController->invalidActionParams(Object(CInlineAction))
#1 Z:\home\glass72\www\framework\web\filters\CFilterChain.php(133): CController->runAction(Object(CInlineAction))
#2 Z:\home\glass72\www\framework\web\filters\CFilter.php(40): CFilterChain->run()
#3 Z:\home\glass72\www\framework\web\CController.php(1145): CFilter->filter(Object(CFilterChain))
#4 Z:\home\glass72\www\framework\web\filters\CInlineFilter.php(58): CController->filterAccessControl(Object(CFilterChain))
#5 Z:\home\glass72\www\framework\web\filters\CFilterChain.php(130): CInlineFilter->filter(Object(CFilterChain))
#6 Z:\home\glass72\www\framework\web\CController.php(291): CFilterChain->run()
#7 Z:\home\glass72\www\framework\web\CController.php(265): CController->runActionWithFilters(Object(CInlineAction), Array)
#8 Z:\home\glass72\www\framework\web\CWebApplication.php(282): CController->run('update')
#9 Z:\home\glass72\www\framework\web\CWebApplication.php(141): CWebApplication->runController('mark/update')
#10 Z:\home\glass72\www\framework\base\CApplication.php(180): CWebApplication->processRequest()
#11 Z:\home\glass72\www\glass\index.php(13): CApplication->run()
#12 {main}
REQUEST_URI=/glass/index.php?r=mark/update
HTTP_REFERER=http://glass72/glass/index.php?r=site/login
---
2013/10/23 07:33:35 [error] [exception.CHttpException.404] exception 'CHttpException' with message 'Системе не удалось найти запрашиваемое действие "view".' in Z:\home\glass72\www\framework\web\CController.php:483
Stack trace:
#0 Z:\home\glass72\www\framework\web\CController.php(270): CController->missingAction('view')
#1 Z:\home\glass72\www\framework\web\CWebApplication.php(282): CController->run('view')
#2 Z:\home\glass72\www\framework\web\CWebApplication.php(141): CWebApplication->runController('mark/view')
#3 Z:\home\glass72\www\framework\base\CApplication.php(180): CWebApplication->processRequest()
#4 Z:\home\glass72\www\glass\index.php(13): CApplication->run()
#5 {main}
REQUEST_URI=/glass/index.php?r=mark/view&id=10
HTTP_REFERER=http://glass72/glass/index.php?r=mark/admin
---
2013/10/23 07:39:57 [error] [exception.CHttpException.403] exception 'CHttpException' with message 'У вас недостаточно прав для выполнения указанного действия.' in Z:\home\glass72\www\framework\web\auth\CAccessControlFilter.php:182
Stack trace:
#0 Z:\home\glass72\www\framework\web\auth\CAccessControlFilter.php(145): CAccessControlFilter->accessDenied(Object(CWebUser), '?? ?????? ?????...')
#1 Z:\home\glass72\www\framework\web\filters\CFilter.php(38): CAccessControlFilter->preFilter(Object(CFilterChain))
#2 Z:\home\glass72\www\framework\web\CController.php(1145): CFilter->filter(Object(CFilterChain))
#3 Z:\home\glass72\www\framework\web\filters\CInlineFilter.php(58): CController->filterAccessControl(Object(CFilterChain))
#4 Z:\home\glass72\www\framework\web\filters\CFilterChain.php(130): CInlineFilter->filter(Object(CFilterChain))
#5 Z:\home\glass72\www\framework\web\CController.php(291): CFilterChain->run()
#6 Z:\home\glass72\www\framework\web\CController.php(265): CController->runActionWithFilters(Object(CInlineAction), Array)
#7 Z:\home\glass72\www\framework\web\CWebApplication.php(282): CController->run('view')
#8 Z:\home\glass72\www\framework\web\CWebApplication.php(141): CWebApplication->runController('mark/view')
#9 Z:\home\glass72\www\framework\base\CApplication.php(180): CWebApplication->processRequest()
#10 Z:\home\glass72\www\glass\index.php(13): CApplication->run()
#11 {main}
REQUEST_URI=/glass/index.php?r=mark/view&id=1
HTTP_REFERER=http://glass72/glass/index.php?r=mark/admin
---
2013/10/23 07:48:44 [error] [exception.CException] exception 'CException' with message 'Контроллер MarkController не может найти представление "view".' in Z:\home\glass72\www\framework\web\CController.php:878
Stack trace:
#0 Z:\home\glass72\www\framework\web\CController.php(782): CController->renderPartial('view', Array, true)
#1 Z:\home\glass72\www\glass\protected\controllers\MarkController.php(153): CController->render('view', Array)
#2 [internal function]: MarkController->actionView('1')
#3 Z:\home\glass72\www\framework\web\actions\CAction.php(108): ReflectionMethod->invokeArgs(Object(MarkController), Array)
#4 Z:\home\glass72\www\framework\web\actions\CInlineAction.php(47): CAction->runWithParamsInternal(Object(MarkController), Object(ReflectionMethod), Array)
#5 Z:\home\glass72\www\framework\web\CController.php(308): CInlineAction->runWithParams(Array)
#6 Z:\home\glass72\www\framework\web\filters\CFilterChain.php(133): CController->runAction(Object(CInlineAction))
#7 Z:\home\glass72\www\framework\web\filters\CFilter.php(40): CFilterChain->run()
#8 Z:\home\glass72\www\framework\web\CController.php(1145): CFilter->filter(Object(CFilterChain))
#9 Z:\home\glass72\www\framework\web\filters\CInlineFilter.php(58): CController->filterAccessControl(Object(CFilterChain))
#10 Z:\home\glass72\www\framework\web\filters\CFilterChain.php(130): CInlineFilter->filter(Object(CFilterChain))
#11 Z:\home\glass72\www\framework\web\CController.php(291): CFilterChain->run()
#12 Z:\home\glass72\www\framework\web\CController.php(265): CController->runActionWithFilters(Object(CInlineAction), Array)
#13 Z:\home\glass72\www\framework\web\CWebApplication.php(282): CController->run('view')
#14 Z:\home\glass72\www\framework\web\CWebApplication.php(141): CWebApplication->runController('mark/view')
#15 Z:\home\glass72\www\framework\base\CApplication.php(180): CWebApplication->processRequest()
#16 Z:\home\glass72\www\glass\index.php(13): CApplication->run()
#17 {main}
REQUEST_URI=/glass/index.php?r=mark/view&id=1
HTTP_REFERER=http://glass72/glass/index.php?r=mark/admin
---
2013/10/23 07:53:02 [error] [exception.CHttpException.404] exception 'CHttpException' with message 'Системе не удалось найти запрашиваемое действие "index".' in Z:\home\glass72\www\framework\web\CController.php:483
Stack trace:
#0 Z:\home\glass72\www\framework\web\CController.php(270): CController->missingAction('index')
#1 Z:\home\glass72\www\framework\web\CWebApplication.php(282): CController->run('index')
#2 Z:\home\glass72\www\framework\web\CWebApplication.php(141): CWebApplication->runController('mark/index')
#3 Z:\home\glass72\www\framework\base\CApplication.php(180): CWebApplication->processRequest()
#4 Z:\home\glass72\www\glass\index.php(13): CApplication->run()
#5 {main}
REQUEST_URI=/glass/index.php?r=mark/index
HTTP_REFERER=http://glass72/glass/index.php?r=mark/admin
---
2013/10/23 07:54:14 [error] [exception.CHttpException.404] exception 'CHttpException' with message 'Системе не удалось найти запрашиваемое действие "index".' in Z:\home\glass72\www\framework\web\CController.php:483
Stack trace:
#0 Z:\home\glass72\www\framework\web\CController.php(270): CController->missingAction('index')
#1 Z:\home\glass72\www\framework\web\CWebApplication.php(282): CController->run('index')
#2 Z:\home\glass72\www\framework\web\CWebApplication.php(141): CWebApplication->runController('mark/index')
#3 Z:\home\glass72\www\framework\base\CApplication.php(180): CWebApplication->processRequest()
#4 Z:\home\glass72\www\glass\index.php(13): CApplication->run()
#5 {main}
REQUEST_URI=/glass/index.php?r=mark/index
HTTP_REFERER=http://glass72/glass/index.php?r=mark/admin
---
2013/10/23 08:10:04 [error] [exception.CHttpException.404] exception 'CHttpException' with message 'Невозможно обработать запрос "modifications/admin".' in Z:\home\glass72\www\framework\web\CWebApplication.php:286
Stack trace:
#0 Z:\home\glass72\www\framework\web\CWebApplication.php(141): CWebApplication->runController('modifications/a...')
#1 Z:\home\glass72\www\framework\base\CApplication.php(180): CWebApplication->processRequest()
#2 Z:\home\glass72\www\glass\index.php(13): CApplication->run()
#3 {main}
REQUEST_URI=/glass/index.php?r=modifications/admin
---
2013/10/23 08:31:18 [error] [exception.CHttpException.404] exception 'CHttpException' with message 'Системе не удалось найти запрашиваемое действие "index".' in Z:\home\glass72\www\framework\web\CController.php:483
Stack trace:
#0 Z:\home\glass72\www\framework\web\CController.php(270): CController->missingAction('index')
#1 Z:\home\glass72\www\framework\web\CWebApplication.php(282): CController->run('index')
#2 Z:\home\glass72\www\framework\web\CWebApplication.php(141): CWebApplication->runController('mark/index')
#3 Z:\home\glass72\www\framework\base\CApplication.php(180): CWebApplication->processRequest()
#4 Z:\home\glass72\www\glass\index.php(13): CApplication->run()
#5 {main}
REQUEST_URI=/glass/index.php?r=mark/index
---
2013/10/23 08:59:36 [error] [exception.CHttpException.404] exception 'CHttpException' with message 'Невозможно обработать запрос "modifications/index".' in Z:\home\glass72\www\framework\web\CWebApplication.php:286
Stack trace:
#0 Z:\home\glass72\www\framework\web\CWebApplication.php(141): CWebApplication->runController('modifications/i...')
#1 Z:\home\glass72\www\framework\base\CApplication.php(180): CWebApplication->processRequest()
#2 Z:\home\glass72\www\glass\index.php(13): CApplication->run()
#3 {main}
REQUEST_URI=/glass/index.php?r=modifications/index
---
2013/10/23 09:33:06 [error] [exception.CDbException] exception 'CDbException' with message 'Отношение "Model" не было определено в active record классе "Modification".' in Z:\home\glass72\www\framework\db\ar\CActiveFinder.php:226
Stack trace:
#0 Z:\home\glass72\www\framework\db\ar\CActiveFinder.php(298): CActiveFinder->buildJoinTree(Object(CJoinElement), 'Model', Array)
#1 Z:\home\glass72\www\framework\db\ar\CActiveFinder.php(48): CActiveFinder->buildJoinTree(Object(CJoinElement), Array)
#2 Z:\home\glass72\www\framework\db\ar\CActiveRecord.php(909): CActiveFinder->__construct(Object(Modification), Array)
#3 Z:\home\glass72\www\framework\db\ar\CActiveRecord.php(1604): CActiveRecord->getActiveFinder(Array)
#4 Z:\home\glass72\www\framework\web\CActiveDataProvider.php(228): CActiveRecord->count(Object(CDbCriteria))
#5 Z:\home\glass72\www\framework\web\CDataProvider.php(224): CActiveDataProvider->calculateTotalItemCount()
#6 Z:\home\glass72\www\framework\web\CActiveDataProvider.php(178): CDataProvider->getTotalItemCount()
#7 Z:\home\glass72\www\framework\web\CDataProvider.php(168): CActiveDataProvider->fetchData()
#8 Z:\home\glass72\www\framework\zii\widgets\CBaseListView.php(111): CDataProvider->getData()
#9 Z:\home\glass72\www\framework\zii\widgets\CListView.php(211): CBaseListView->init()
#10 Z:\home\glass72\www\framework\web\CBaseController.php(147): CListView->init()
#11 Z:\home\glass72\www\framework\web\CBaseController.php(172): CBaseController->createWidget('bootstrap.widge...', Array)
#12 Z:\home\glass72\www\glass\protected\views\modification\index.php(17): CBaseController->widget('bootstrap.widge...', Array)
#13 Z:\home\glass72\www\framework\web\CBaseController.php(126): require('Z:\home\glass72...')
#14 Z:\home\glass72\www\framework\web\CBaseController.php(95): CBaseController->renderInternal('Z:\home\glass72...', Array, true)
#15 Z:\home\glass72\www\framework\web\CController.php(869): CBaseController->renderFile('Z:\home\glass72...', Array, true)
#16 Z:\home\glass72\www\framework\web\CController.php(782): CController->renderPartial('index', Array, true)
#17 Z:\home\glass72\www\glass\protected\controllers\ModificationController.php(138): CController->render('index', Array)
#18 Z:\home\glass72\www\framework\web\actions\CInlineAction.php(49): ModificationController->actionIndex()
#19 Z:\home\glass72\www\framework\web\CController.php(308): CInlineAction->runWithParams(Array)
#20 Z:\home\glass72\www\framework\web\filters\CFilterChain.php(133): CController->runAction(Object(CInlineAction))
#21 Z:\home\glass72\www\framework\web\filters\CFilter.php(40): CFilterChain->run()
#22 Z:\home\glass72\www\framework\web\CController.php(1145): CFilter->filter(Object(CFilterChain))
#23 Z:\home\glass72\www\framework\web\filters\CInlineFilter.php(58): CController->filterAccessControl(Object(CFilterChain))
#24 Z:\home\glass72\www\framework\web\filters\CFilterChain.php(130): CInlineFilter->filter(Object(CFilterChain))
#25 Z:\home\glass72\www\framework\web\CController.php(291): CFilterChain->run()
#26 Z:\home\glass72\www\framework\web\CController.php(265): CController->runActionWithFilters(Object(CInlineAction), Array)
#27 Z:\home\glass72\www\framework\web\CWebApplication.php(282): CController->run('index')
#28 Z:\home\glass72\www\framework\web\CWebApplication.php(141): CWebApplication->runController('modification/in...')
#29 Z:\home\glass72\www\framework\base\CApplication.php(180): CWebApplication->processRequest()
#30 Z:\home\glass72\www\glass\index.php(13): CApplication->run()
#31 {main}
REQUEST_URI=/glass/index.php?r=modification/index
HTTP_REFERER=http://glass72/glass/index.php?r=modification/update&id=1
---
2013/10/23 10:21:54 [error] [exception.CDbException] exception 'CDbException' with message 'Отношение "Model" не было определено в active record классе "Modification".' in Z:\home\glass72\www\framework\db\ar\CActiveFinder.php:226
Stack trace:
#0 Z:\home\glass72\www\framework\db\ar\CActiveFinder.php(298): CActiveFinder->buildJoinTree(Object(CJoinElement), 'Model', Array)
#1 Z:\home\glass72\www\framework\db\ar\CActiveFinder.php(48): CActiveFinder->buildJoinTree(Object(CJoinElement), Array)
#2 Z:\home\glass72\www\framework\db\ar\CActiveRecord.php(909): CActiveFinder->__construct(Object(Modification), Array)
#3 Z:\home\glass72\www\framework\db\ar\CActiveRecord.php(1604): CActiveRecord->getActiveFinder(Array)
#4 Z:\home\glass72\www\framework\web\CActiveDataProvider.php(228): CActiveRecord->count(Object(CDbCriteria))
#5 Z:\home\glass72\www\framework\web\CDataProvider.php(224): CActiveDataProvider->calculateTotalItemCount()
#6 Z:\home\glass72\www\framework\web\CActiveDataProvider.php(178): CDataProvider->getTotalItemCount()
#7 Z:\home\glass72\www\framework\web\CDataProvider.php(168): CActiveDataProvider->fetchData()
#8 Z:\home\glass72\www\framework\zii\widgets\CBaseListView.php(111): CDataProvider->getData()
#9 Z:\home\glass72\www\framework\zii\widgets\CListView.php(211): CBaseListView->init()
#10 Z:\home\glass72\www\framework\web\CBaseController.php(147): CListView->init()
#11 Z:\home\glass72\www\framework\web\CBaseController.php(172): CBaseController->createWidget('bootstrap.widge...', Array)
#12 Z:\home\glass72\www\glass\protected\views\modification\index.php(17): CBaseController->widget('bootstrap.widge...', Array)
#13 Z:\home\glass72\www\framework\web\CBaseController.php(126): require('Z:\home\glass72...')
#14 Z:\home\glass72\www\framework\web\CBaseController.php(95): CBaseController->renderInternal('Z:\home\glass72...', Array, true)
#15 Z:\home\glass72\www\framework\web\CController.php(869): CBaseController->renderFile('Z:\home\glass72...', Array, true)
#16 Z:\home\glass72\www\framework\web\CController.php(782): CController->renderPartial('index', Array, true)
#17 Z:\home\glass72\www\glass\protected\controllers\ModificationController.php(138): CController->render('index', Array)
#18 Z:\home\glass72\www\framework\web\actions\CInlineAction.php(49): ModificationController->actionIndex()
#19 Z:\home\glass72\www\framework\web\CController.php(308): CInlineAction->runWithParams(Array)
#20 Z:\home\glass72\www\framework\web\filters\CFilterChain.php(133): CController->runAction(Object(CInlineAction))
#21 Z:\home\glass72\www\framework\web\filters\CFilter.php(40): CFilterChain->run()
#22 Z:\home\glass72\www\framework\web\CController.php(1145): CFilter->filter(Object(CFilterChain))
#23 Z:\home\glass72\www\framework\web\filters\CInlineFilter.php(58): CController->filterAccessControl(Object(CFilterChain))
#24 Z:\home\glass72\www\framework\web\filters\CFilterChain.php(130): CInlineFilter->filter(Object(CFilterChain))
#25 Z:\home\glass72\www\framework\web\CController.php(291): CFilterChain->run()
#26 Z:\home\glass72\www\framework\web\CController.php(265): CController->runActionWithFilters(Object(CInlineAction), Array)
#27 Z:\home\glass72\www\framework\web\CWebApplication.php(282): CController->run('index')
#28 Z:\home\glass72\www\framework\web\CWebApplication.php(141): CWebApplication->runController('modification/in...')
#29 Z:\home\glass72\www\framework\base\CApplication.php(180): CWebApplication->processRequest()
#30 Z:\home\glass72\www\glass\index.php(13): CApplication->run()
#31 {main}
REQUEST_URI=/glass/index.php?r=modification/index
---
2013/10/23 11:00:29 [error] [exception.CException] exception 'CException' with message 'Свойство "dataProvider" не может быть пустым.' in Z:\home\glass72\www\framework\zii\widgets\CBaseListView.php:109
Stack trace:
#0 Z:\home\glass72\www\framework\zii\widgets\CListView.php(211): CBaseListView->init()
#1 Z:\home\glass72\www\framework\web\CBaseController.php(147): CListView->init()
#2 Z:\home\glass72\www\framework\web\CBaseController.php(172): CBaseController->createWidget('bootstrap.widge...', Array)
#3 Z:\home\glass72\www\glass\protected\views\modification\index.php(16): CBaseController->widget('bootstrap.widge...', Array)
#4 Z:\home\glass72\www\framework\web\CBaseController.php(126): require('Z:\home\glass72...')
#5 Z:\home\glass72\www\framework\web\CBaseController.php(95): CBaseController->renderInternal('Z:\home\glass72...', Array, true)
#6 Z:\home\glass72\www\framework\web\CController.php(869): CBaseController->renderFile('Z:\home\glass72...', Array, true)
#7 Z:\home\glass72\www\framework\web\CController.php(782): CController->renderPartial('index', Array, true)
#8 Z:\home\glass72\www\glass\protected\controllers\ModificationController.php(139): CController->render('index', Array)
#9 Z:\home\glass72\www\framework\web\actions\CInlineAction.php(49): ModificationController->actionIndex()
#10 Z:\home\glass72\www\framework\web\CController.php(308): CInlineAction->runWithParams(Array)
#11 Z:\home\glass72\www\framework\web\filters\CFilterChain.php(133): CController->runAction(Object(CInlineAction))
#12 Z:\home\glass72\www\framework\web\filters\CFilter.php(40): CFilterChain->run()
#13 Z:\home\glass72\www\framework\web\CController.php(1145): CFilter->filter(Object(CFilterChain))
#14 Z:\home\glass72\www\framework\web\filters\CInlineFilter.php(58): CController->filterAccessControl(Object(CFilterChain))
#15 Z:\home\glass72\www\framework\web\filters\CFilterChain.php(130): CInlineFilter->filter(Object(CFilterChain))
#16 Z:\home\glass72\www\framework\web\CController.php(291): CFilterChain->run()
#17 Z:\home\glass72\www\framework\web\CController.php(265): CController->runActionWithFilters(Object(CInlineAction), Array)
#18 Z:\home\glass72\www\framework\web\CWebApplication.php(282): CController->run('index')
#19 Z:\home\glass72\www\framework\web\CWebApplication.php(141): CWebApplication->runController('modification/in...')
#20 Z:\home\glass72\www\framework\base\CApplication.php(180): CWebApplication->processRequest()
#21 Z:\home\glass72\www\glass\index.php(13): CApplication->run()
#22 {main}
REQUEST_URI=/glass/index.php?r=modification/index
---
2013/10/23 11:14:30 [error] [exception.CException] exception 'CException' with message 'Свойство "itemView" не может быть пустым.' in Z:\home\glass72\www\framework\zii\widgets\CListView.php:210
Stack trace:
#0 Z:\home\glass72\www\framework\web\CBaseController.php(147): CListView->init()
#1 Z:\home\glass72\www\framework\web\CBaseController.php(172): CBaseController->createWidget('bootstrap.widge...', Array)
#2 Z:\home\glass72\www\glass\protected\views\modification\index.php(16): CBaseController->widget('bootstrap.widge...', Array)
#3 Z:\home\glass72\www\framework\web\CBaseController.php(126): require('Z:\home\glass72...')
#4 Z:\home\glass72\www\framework\web\CBaseController.php(95): CBaseController->renderInternal('Z:\home\glass72...', Array, true)
#5 Z:\home\glass72\www\framework\web\CController.php(869): CBaseController->renderFile('Z:\home\glass72...', Array, true)
#6 Z:\home\glass72\www\framework\web\CController.php(782): CController->renderPartial('index', Array, true)
#7 Z:\home\glass72\www\glass\protected\controllers\ModificationController.php(139): CController->render('index', Array)
#8 Z:\home\glass72\www\framework\web\actions\CInlineAction.php(49): ModificationController->actionIndex()
#9 Z:\home\glass72\www\framework\web\CController.php(308): CInlineAction->runWithParams(Array)
#10 Z:\home\glass72\www\framework\web\filters\CFilterChain.php(133): CController->runAction(Object(CInlineAction))
#11 Z:\home\glass72\www\framework\web\filters\CFilter.php(40): CFilterChain->run()
#12 Z:\home\glass72\www\framework\web\CController.php(1145): CFilter->filter(Object(CFilterChain))
#13 Z:\home\glass72\www\framework\web\filters\CInlineFilter.php(58): CController->filterAccessControl(Object(CFilterChain))
#14 Z:\home\glass72\www\framework\web\filters\CFilterChain.php(130): CInlineFilter->filter(Object(CFilterChain))
#15 Z:\home\glass72\www\framework\web\CController.php(291): CFilterChain->run()
#16 Z:\home\glass72\www\framework\web\CController.php(265): CController->runActionWithFilters(Object(CInlineAction), Array)
#17 Z:\home\glass72\www\framework\web\CWebApplication.php(282): CController->run('index')
#18 Z:\home\glass72\www\framework\web\CWebApplication.php(141): CWebApplication->runController('modification/in...')
#19 Z:\home\glass72\www\framework\base\CApplication.php(180): CWebApplication->processRequest()
#20 Z:\home\glass72\www\glass\index.php(13): CApplication->run()
#21 {main}
REQUEST_URI=/glass/index.php?r=modification/index
---
2013/10/23 11:20:04 [error] [exception.CException] exception 'CException' with message 'Свойство "itemView" не может быть пустым.' in Z:\home\glass72\www\framework\zii\widgets\CListView.php:210
Stack trace:
#0 Z:\home\glass72\www\framework\web\CBaseController.php(147): CListView->init()
#1 Z:\home\glass72\www\framework\web\CBaseController.php(172): CBaseController->createWidget('bootstrap.widge...', Array)
#2 Z:\home\glass72\www\glass\protected\views\modification\index.php(16): CBaseController->widget('bootstrap.widge...', Array)
#3 Z:\home\glass72\www\framework\web\CBaseController.php(126): require('Z:\home\glass72...')
#4 Z:\home\glass72\www\framework\web\CBaseController.php(95): CBaseController->renderInternal('Z:\home\glass72...', Array, true)
#5 Z:\home\glass72\www\framework\web\CController.php(869): CBaseController->renderFile('Z:\home\glass72...', Array, true)
#6 Z:\home\glass72\www\framework\web\CController.php(782): CController->renderPartial('index', Array, true)
#7 Z:\home\glass72\www\glass\protected\controllers\ModificationController.php(139): CController->render('index', Array)
#8 Z:\home\glass72\www\framework\web\actions\CInlineAction.php(49): ModificationController->actionIndex()
#9 Z:\home\glass72\www\framework\web\CController.php(308): CInlineAction->runWithParams(Array)
#10 Z:\home\glass72\www\framework\web\filters\CFilterChain.php(133): CController->runAction(Object(CInlineAction))
#11 Z:\home\glass72\www\framework\web\filters\CFilter.php(40): CFilterChain->run()
#12 Z:\home\glass72\www\framework\web\CController.php(1145): CFilter->filter(Object(CFilterChain))
#13 Z:\home\glass72\www\framework\web\filters\CInlineFilter.php(58): CController->filterAccessControl(Object(CFilterChain))
#14 Z:\home\glass72\www\framework\web\filters\CFilterChain.php(130): CInlineFilter->filter(Object(CFilterChain))
#15 Z:\home\glass72\www\framework\web\CController.php(291): CFilterChain->run()
#16 Z:\home\glass72\www\framework\web\CController.php(265): CController->runActionWithFilters(Object(CInlineAction), Array)
#17 Z:\home\glass72\www\framework\web\CWebApplication.php(282): CController->run('index')
#18 Z:\home\glass72\www\framework\web\CWebApplication.php(141): CWebApplication->runController('modification/in...')
#19 Z:\home\glass72\www\framework\base\CApplication.php(180): CWebApplication->processRequest()
#20 Z:\home\glass72\www\glass\index.php(13): CApplication->run()
#21 {main}
REQUEST_URI=/glass/index.php?r=modification/index
---
2013/10/23 11:20:05 [error] [exception.CException] exception 'CException' with message 'Свойство "itemView" не может быть пустым.' in Z:\home\glass72\www\framework\zii\widgets\CListView.php:210
Stack trace:
#0 Z:\home\glass72\www\framework\web\CBaseController.php(147): CListView->init()
#1 Z:\home\glass72\www\framework\web\CBaseController.php(172): CBaseController->createWidget('bootstrap.widge...', Array)
#2 Z:\home\glass72\www\glass\protected\views\modification\index.php(16): CBaseController->widget('bootstrap.widge...', Array)
#3 Z:\home\glass72\www\framework\web\CBaseController.php(126): require('Z:\home\glass72...')
#4 Z:\home\glass72\www\framework\web\CBaseController.php(95): CBaseController->renderInternal('Z:\home\glass72...', Array, true)
#5 Z:\home\glass72\www\framework\web\CController.php(869): CBaseController->renderFile('Z:\home\glass72...', Array, true)
#6 Z:\home\glass72\www\framework\web\CController.php(782): CController->renderPartial('index', Array, true)
#7 Z:\home\glass72\www\glass\protected\controllers\ModificationController.php(139): CController->render('index', Array)
#8 Z:\home\glass72\www\framework\web\actions\CInlineAction.php(49): ModificationController->actionIndex()
#9 Z:\home\glass72\www\framework\web\CController.php(308): CInlineAction->runWithParams(Array)
#10 Z:\home\glass72\www\framework\web\filters\CFilterChain.php(133): CController->runAction(Object(CInlineAction))
#11 Z:\home\glass72\www\framework\web\filters\CFilter.php(40): CFilterChain->run()
#12 Z:\home\glass72\www\framework\web\CController.php(1145): CFilter->filter(Object(CFilterChain))
#13 Z:\home\glass72\www\framework\web\filters\CInlineFilter.php(58): CController->filterAccessControl(Object(CFilterChain))
#14 Z:\home\glass72\www\framework\web\filters\CFilterChain.php(130): CInlineFilter->filter(Object(CFilterChain))
#15 Z:\home\glass72\www\framework\web\CController.php(291): CFilterChain->run()
#16 Z:\home\glass72\www\framework\web\CController.php(265): CController->runActionWithFilters(Object(CInlineAction), Array)
#17 Z:\home\glass72\www\framework\web\CWebApplication.php(282): CController->run('index')
#18 Z:\home\glass72\www\framework\web\CWebApplication.php(141): CWebApplication->runController('modification/in...')
#19 Z:\home\glass72\www\framework\base\CApplication.php(180): CWebApplication->processRequest()
#20 Z:\home\glass72\www\glass\index.php(13): CApplication->run()
#21 {main}
REQUEST_URI=/glass/index.php?r=modification/index
---
2013/10/23 11:20:06 [error] [exception.CException] exception 'CException' with message 'Свойство "itemView" не может быть пустым.' in Z:\home\glass72\www\framework\zii\widgets\CListView.php:210
Stack trace:
#0 Z:\home\glass72\www\framework\web\CBaseController.php(147): CListView->init()
#1 Z:\home\glass72\www\framework\web\CBaseController.php(172): CBaseController->createWidget('bootstrap.widge...', Array)
#2 Z:\home\glass72\www\glass\protected\views\modification\index.php(16): CBaseController->widget('bootstrap.widge...', Array)
#3 Z:\home\glass72\www\framework\web\CBaseController.php(126): require('Z:\home\glass72...')
#4 Z:\home\glass72\www\framework\web\CBaseController.php(95): CBaseController->renderInternal('Z:\home\glass72...', Array, true)
#5 Z:\home\glass72\www\framework\web\CController.php(869): CBaseController->renderFile('Z:\home\glass72...', Array, true)
#6 Z:\home\glass72\www\framework\web\CController.php(782): CController->renderPartial('index', Array, true)
#7 Z:\home\glass72\www\glass\protected\controllers\ModificationController.php(139): CController->render('index', Array)
#8 Z:\home\glass72\www\framework\web\actions\CInlineAction.php(49): ModificationController->actionIndex()
#9 Z:\home\glass72\www\framework\web\CController.php(308): CInlineAction->runWithParams(Array)
#10 Z:\home\glass72\www\framework\web\filters\CFilterChain.php(133): CController->runAction(Object(CInlineAction))
#11 Z:\home\glass72\www\framework\web\filters\CFilter.php(40): CFilterChain->run()
#12 Z:\home\glass72\www\framework\web\CController.php(1145): CFilter->filter(Object(CFilterChain))
#13 Z:\home\glass72\www\framework\web\filters\CInlineFilter.php(58): CController->filterAccessControl(Object(CFilterChain))
#14 Z:\home\glass72\www\framework\web\filters\CFilterChain.php(130): CInlineFilter->filter(Object(CFilterChain))
#15 Z:\home\glass72\www\framework\web\CController.php(291): CFilterChain->run()
#16 Z:\home\glass72\www\framework\web\CController.php(265): CController->runActionWithFilters(Object(CInlineAction), Array)
#17 Z:\home\glass72\www\framework\web\CWebApplication.php(282): CController->run('index')
#18 Z:\home\glass72\www\framework\web\CWebApplication.php(141): CWebApplication->runController('modification/in...')
#19 Z:\home\glass72\www\framework\base\CApplication.php(180): CWebApplication->processRequest()
#20 Z:\home\glass72\www\glass\index.php(13): CApplication->run()
#21 {main}
REQUEST_URI=/glass/index.php?r=modification/index
---
2013/10/24 06:04:42 [error] [system.db.CDbCommand] Не удалось выполнить CDbCommand::fetchAll(): SQLSTATE[42S22]: Column not found: 1054 Unknown column 'modification.mcrypt_module_is_block_mode' in 'where clause'. Выполнявшийся SQL-запрос: SELECT
			modification.id,
			modification.name,
			modification.secode,
			model.name,
			mark.name,
			modification.pop
			FROM mark, model, modification
			WHERE mark.id=model.mark_id AND
			model.id=modification.mcrypt_module_is_block_mode
			ORDER BY modification.id.
in Z:\home\glass72\www\glass\protected\models\Modification.php (135)
in Z:\home\glass72\www\glass\protected\controllers\ModificationController.php (130)
in Z:\home\glass72\www\glass\index.php (13)
2013/10/24 06:04:42 [error] [exception.CDbException] exception 'CDbException' with message 'CDbCommand не удалось исполнить SQL-запрос: SQLSTATE[42S22]: Column not found: 1054 Unknown column 'modification.mcrypt_module_is_block_mode' in 'where clause'. The SQL statement executed was: SELECT
			modification.id,
			modification.name,
			modification.secode,
			model.name,
			mark.name,
			modification.pop
			FROM mark, model, modification
			WHERE mark.id=model.mark_id AND
			model.id=modification.mcrypt_module_is_block_mode
			ORDER BY modification.id' in Z:\home\glass72\www\framework\db\CDbCommand.php:543
Stack trace:
#0 Z:\home\glass72\www\framework\db\CDbCommand.php(396): CDbCommand->queryInternal('fetchAll', Array, Array)
#1 Z:\home\glass72\www\glass\protected\models\Modification.php(135): CDbCommand->queryAll()
#2 Z:\home\glass72\www\glass\protected\controllers\ModificationController.php(130): Modification->getModifList()
#3 Z:\home\glass72\www\framework\web\actions\CInlineAction.php(49): ModificationController->actionIndex()
#4 Z:\home\glass72\www\framework\web\CController.php(308): CInlineAction->runWithParams(Array)
#5 Z:\home\glass72\www\framework\web\filters\CFilterChain.php(133): CController->runAction(Object(CInlineAction))
#6 Z:\home\glass72\www\framework\web\filters\CFilter.php(40): CFilterChain->run()
#7 Z:\home\glass72\www\framework\web\CController.php(1145): CFilter->filter(Object(CFilterChain))
#8 Z:\home\glass72\www\framework\web\filters\CInlineFilter.php(58): CController->filterAccessControl(Object(CFilterChain))
#9 Z:\home\glass72\www\framework\web\filters\CFilterChain.php(130): CInlineFilter->filter(Object(CFilterChain))
#10 Z:\home\glass72\www\framework\web\CController.php(291): CFilterChain->run()
#11 Z:\home\glass72\www\framework\web\CController.php(265): CController->runActionWithFilters(Object(CInlineAction), Array)
#12 Z:\home\glass72\www\framework\web\CWebApplication.php(282): CController->run('index')
#13 Z:\home\glass72\www\framework\web\CWebApplication.php(141): CWebApplication->runController('modification/in...')
#14 Z:\home\glass72\www\framework\base\CApplication.php(180): CWebApplication->processRequest()
#15 Z:\home\glass72\www\glass\index.php(13): CApplication->run()
#16 {main}
REQUEST_URI=/glass/index.php?r=modification/index
---
2013/10/24 06:28:40 [error] [system.db.CDbCommand] Не удалось выполнить CDbCommand::fetchAll(): SQLSTATE[42000]: Syntax error or access violation: 1064 You have an error in your SQL syntax; check the manual that corresponds to your MySQL server version for the right syntax to use near 'FROM mark, model, modification
			WHERE mark.id=model.mark_id AND
			model.id=mo' at line 4. Выполнявшийся SQL-запрос: SELECT
			modification.name,
			
			FROM mark, model, modification
			WHERE mark.id=model.mark_id AND
			model.id=modification.model_id
			ORDER BY modification.id.
in Z:\home\glass72\www\glass\protected\models\Modification.php (143)
in Z:\home\glass72\www\glass\protected\controllers\ModificationController.php (130)
in Z:\home\glass72\www\glass\index.php (13)
2013/10/24 06:28:40 [error] [exception.CDbException] exception 'CDbException' with message 'CDbCommand не удалось исполнить SQL-запрос: SQLSTATE[42000]: Syntax error or access violation: 1064 You have an error in your SQL syntax; check the manual that corresponds to your MySQL server version for the right syntax to use near 'FROM mark, model, modification
			WHERE mark.id=model.mark_id AND
			model.id=mo' at line 4. The SQL statement executed was: SELECT
			modification.name,
			
			FROM mark, model, modification
			WHERE mark.id=model.mark_id AND
			model.id=modification.model_id
			ORDER BY modification.id' in Z:\home\glass72\www\framework\db\CDbCommand.php:543
Stack trace:
#0 Z:\home\glass72\www\framework\db\CDbCommand.php(396): CDbCommand->queryInternal('fetchAll', Array, Array)
#1 Z:\home\glass72\www\glass\protected\models\Modification.php(143): CDbCommand->queryAll()
#2 Z:\home\glass72\www\glass\protected\controllers\ModificationController.php(130): Modification->getModifList()
#3 Z:\home\glass72\www\framework\web\actions\CInlineAction.php(49): ModificationController->actionIndex()
#4 Z:\home\glass72\www\framework\web\CController.php(308): CInlineAction->runWithParams(Array)
#5 Z:\home\glass72\www\framework\web\filters\CFilterChain.php(133): CController->runAction(Object(CInlineAction))
#6 Z:\home\glass72\www\framework\web\filters\CFilter.php(40): CFilterChain->run()
#7 Z:\home\glass72\www\framework\web\CController.php(1145): CFilter->filter(Object(CFilterChain))
#8 Z:\home\glass72\www\framework\web\filters\CInlineFilter.php(58): CController->filterAccessControl(Object(CFilterChain))
#9 Z:\home\glass72\www\framework\web\filters\CFilterChain.php(130): CInlineFilter->filter(Object(CFilterChain))
#10 Z:\home\glass72\www\framework\web\CController.php(291): CFilterChain->run()
#11 Z:\home\glass72\www\framework\web\CController.php(265): CController->runActionWithFilters(Object(CInlineAction), Array)
#12 Z:\home\glass72\www\framework\web\CWebApplication.php(282): CController->run('index')
#13 Z:\home\glass72\www\framework\web\CWebApplication.php(141): CWebApplication->runController('modification/in...')
#14 Z:\home\glass72\www\framework\base\CApplication.php(180): CWebApplication->processRequest()
#15 Z:\home\glass72\www\glass\index.php(13): CApplication->run()
#16 {main}
REQUEST_URI=/glass/index.php?r=modification/index
---
